
> openclaw-bot-review@1.0.0 start
> next start


> openclaw-bot-review@1.0.0 start
> next start


> openclaw-bot-review@1.0.0 start
> next start


> openclaw-bot-review@1.0.0 start
> next start


> openclaw-bot-review@1.0.0 start
> next start


> openclaw-bot-review@1.0.0 start
> next start


> openclaw-bot-review@1.0.0 start
> next start


> openclaw-bot-review@1.0.0 start
> next start


> openclaw-bot-review@1.0.0 start
> next start


> openclaw-bot-review@1.0.0 start
> next start


> openclaw-bot-review@1.0.0 start
> next start

▲ Next.js 16.1.6
- Local:         http://localhost:3001
- Network:       http://10.7.0.13:3001

✓ Starting...
✓ Ready in 207ms
